<?xml version="1.0" encoding="utf-8"?><testsuites><testsuite name="pytest" errors="0" failures="0" skipped="0" tests="64" time="18.221" timestamp="2025-06-13T14:21:12.023835-04:00" hostname="SarahG-Dell"><testcase classname="tests.test_ble_device" name="test_scan_for_devices_found" time="0.149" /><testcase classname="tests.test_ble_device" name="test_scan_for_devices_error" time="2.019" /><testcase classname="tests.test_ble_device" name="test_connect_success" time="0.007" /><testcase classname="tests.test_ble_device" name="test_connect_timeout" time="2.011" /><testcase classname="tests.test_ble_device" name="test_start_acquisition" time="0.005" /><testcase classname="tests.test_ble_device" name="test_activate_services_success" time="0.004" /><testcase classname="tests.test_ble_device" name="test_configure_success" time="0.013" /><testcase classname="tests.test_ble_device" name="test_stop_acquisition" time="0.007" /><testcase classname="tests.test_ble_device" name="test_stop_all_notifications" time="0.020" /><testcase classname="tests.test_ble_device" name="test_force_save" time="0.003" /><testcase classname="tests.test_ble_device" name="test_disconnect" time="0.009" /><testcase classname="tests.test_ble_device" name="test_shutdown" time="0.013" /><testcase classname="tests.test_ble_device" name="test_generate_dynamic_payload" time="0.001" /><testcase classname="tests.test_ble_device" name="test_response_notification_handler_parent" time="0.002" /><testcase classname="tests.test_ble_device" name="test_generate_csv_files" time="0.037" /><testcase classname="tests.test_cli" name="test_cli_ble" time="0.006" /><testcase classname="tests.test_cli" name="test_cli_redis" time="0.003" /><testcase classname="tests.test_cli" name="test_cli_consumer" time="0.002" /><testcase classname="tests.test_cli" name="test_cli_invalid_command" time="0.003" /><testcase classname="tests.test_cli" name="test_cli_version_output" time="0.002" /><testcase classname="tests.test_consumer" name="test_initialize_device_ble" time="0.001" /><testcase classname="tests.test_consumer" name="test_initialize_device_usb" time="0.002" /><testcase classname="tests.test_consumer" name="test_scan_for_devices_empty" time="0.004" /><testcase classname="tests.test_consumer" name="test_scan_for_devices" time="0.006" /><testcase classname="tests.test_consumer" name="test_select_device" time="0.014" /><testcase classname="tests.test_consumer" name="test_activate_device_ble" time="0.008" /><testcase classname="tests.test_consumer" name="test_stream_data_ble" time="0.024" /><testcase classname="tests.test_consumer" name="test_stop_stream_data_ble" time="0.028" /><testcase classname="tests.test_consumer" name="test_disconnect_ble" time="0.018" /><testcase classname="tests.test_consumer" name="test_initialize_device_invalid" time="0.002" /><testcase classname="tests.test_device_factory" name="test_create_pressure_mat_device" time="0.002" /><testcase classname="tests.test_device_factory" name="test_create_insole_device" time="0.001" /><testcase classname="tests.test_device_factory" name="test_create_ble_base_device" time="0.001" /><testcase classname="tests.test_device_factory" name="test_create_device_with_unknown_modality" time="0.001" /><testcase classname="tests.test_device_factory" name="test_create_device_with_invalid_modality_and_no_base_class" time="0.001" /><testcase classname="tests.test_example" name="test_module_code" time="0.001" /><testcase classname="tests.test_insole_device" name="test_read_sensor_config" time="0.024" /><testcase classname="tests.test_insole_device" name="test_sensor_ble_configuration_connected" time="0.025" /><testcase classname="tests.test_insole_device" name="test_sensor_ble_configuration_disconnected" time="0.017" /><testcase classname="tests.test_insole_device" name="test_stop_all_notifications" time="0.017" /><testcase classname="tests.test_insole_device" name="test_start_read" time="0.023" /><testcase classname="tests.test_insole_device" name="test_write_to_csv" time="0.027" /><testcase classname="tests.test_pressure_device" name="test_scan_for_devices_found" time="0.003" /><testcase classname="tests.test_pressure_device" name="test_scan_for_devices_error" time="2.021" /><testcase classname="tests.test_pressure_device" name="test_connect_success" time="0.013" /><testcase classname="tests.test_pressure_device" name="test_start_acquisition" time="0.042" /><testcase classname="tests.test_pressure_device" name="test_activate_services_success" time="0.017" /><testcase classname="tests.test_pressure_device" name="test_configure_success" time="0.036" /><testcase classname="tests.test_pressure_device" name="test_stop_acquisition" time="0.027" /><testcase classname="tests.test_pressure_device" name="test_stop_all_notifications" time="0.020" /><testcase classname="tests.test_pressure_device" name="test_force_save" time="0.011" /><testcase classname="tests.test_pressure_device" name="test_disconnect" time="0.020" /><testcase classname="tests.test_pressure_device" name="test_shutdown" time="0.012" /><testcase classname="tests.test_pressure_device" name="test_generate_dynamic_payload" time="0.003" /><testcase classname="tests.test_pressure_device" name="test_start_notifications_pressure" time="0.023" /><testcase classname="tests.test_pressure_device" name="test_write_to_csv" time="0.026" /><testcase classname="tests.test_pressure_device" name="test_read_sensor_config_error" time="0.013" /><testcase classname="tests.test_pressure_device" name="test_sensor_ble_configuration_bad_payload" time="0.012" /><testcase classname="tests.test_pressure_device" name="test_read_pressure_notify_error" time="0.016" /><testcase classname="tests.test_pressure_device" name="test_check_for_packet_loss_none_previous" time="0.003" /><testcase classname="tests.test_redis_functions" name="test_producer_redis_key" time="0.006" /><testcase classname="tests.test_redis_functions" name="test_producer_redis_streams" time="0.007" /><testcase classname="tests.test_redis_functions" name="test_consumer_redis_key" time="0.005" /><testcase classname="tests.test_redis_functions" name="test_consumer_redis_streams" time="0.004" /></testsuite></testsuites>
